<?xml version="1.0" encoding="UTF-8"?>
<testsuite xmlns:xsi="http://www.w3.org/2001/XMLSchema-instance" xsi:noNamespaceSchemaLocation="https://maven.apache.org/surefire/maven-surefire-plugin/xsd/surefire-test-report.xsd" version="3.0.2" name="com.kapor.video.service.VideoServiceSubtitleTest" time="0.137" tests="5" errors="0" skipped="0" failures="0">
  <properties>
[...]
</properties>
  <testcase name="tokenizesKoreanAndKeepsVietnameseTokensEmpty" classname="com.kapor.video.service.VideoServiceSubtitleTest" time="0.095"/>
  <testcase name="rejectsOverlappingSubtitleLines" classname="com.kapor.video.service.VideoServiceSubtitleTest" time="0.005"/>
  <testcase name="savesValidatedPairedSubtitles" classname="com.kapor.video.service.VideoServiceSubtitleTest" time="0.003"/>
  <testcase name="tokenizesKoreanDraftBeforeVietnameseTranslationExists" classname="com.kapor.video.service.VideoServiceSubtitleTest" time="0.001"/>
  <testcase name="aiAnalysisCreatesVietnamesePairsAndMeaningfulTokens" classname="com.kapor.video.service.VideoServiceSubtitleTest" time="0.004"/>
</testsuite>