<?xml version="1.0" encoding="UTF-8"?>
<testsuite xmlns:xsi="http://www.w3.org/2001/XMLSchema-instance" xsi:noNamespaceSchemaLocation="https://maven.apache.org/surefire/maven-surefire-plugin/xsd/surefire-test-report.xsd" version="3.0.2" name="com.kapor.devvocab.service.SkillTreeServiceTest" time="0.091" tests="0" errors="0" skipped="0" failures="0">
  <properties>
[...]
</properties>
  <testcase name="shouldUnlockWhenPrereqsCompleted" classname="Prerequisite Locking" time="0.075"/>
  <testcase name="shouldKeepLockedWhenPrereqPartiallyCompleted" classname="Prerequisite Locking" time="0.001"/>
  <testcase name="shouldLockWhenPrereqsNotCompleted" classname="Prerequisite Locking" time="0.001"/>
  <testcase name="shouldBuildSkillTreeWithCompletionPercentages" classname="Skill Tree Building" time="0.004"/>
  <testcase name="shouldReturnEmptyListWhenNoTopics" classname="Skill Tree Building" time="0.002"/>
  <testcase name="shouldReturnZeroCompletionForUnstartedTopics" classname="Skill Tree Building" time="0.002"/>
</testsuite>